[15-Oct-2018 19:23:16 UTC] PHP Fatal error:  Call to undefined function sesssion_start() in /home/ubuntu/workspace/cst336/midterm/index.php on line 2
[15-Oct-2018 19:23:16 UTC] PHP Stack trace:
[15-Oct-2018 19:23:16 UTC] PHP   1. {main}() /home/ubuntu/workspace/cst336/midterm/index.php:0
[15-Oct-2018 20:09:32 UTC] PHP Warning:  in_array() expects parameter 2 to be array, integer given in /home/ubuntu/workspace/cst336/midterm/index.php on line 44
[15-Oct-2018 20:09:32 UTC] PHP Stack trace:
[15-Oct-2018 20:09:32 UTC] PHP   1. {main}() /home/ubuntu/workspace/cst336/midterm/index.php:0
[15-Oct-2018 20:09:32 UTC] PHP   2. makeCalender() /home/ubuntu/workspace/cst336/midterm/index.php:150
[15-Oct-2018 20:09:32 UTC] PHP   3. in_array() /home/ubuntu/workspace/cst336/midterm/index.php:44
[15-Oct-2018 20:09:32 UTC] PHP Warning:  in_array() expects parameter 2 to be array, integer given in /home/ubuntu/workspace/cst336/midterm/index.php on line 44
[15-Oct-2018 20:09:32 UTC] PHP Stack trace:
[15-Oct-2018 20:09:32 UTC] PHP   1. {main}() /home/ubuntu/workspace/cst336/midterm/index.php:0
[15-Oct-2018 20:09:32 UTC] PHP   2. makeCalender() /home/ubuntu/workspace/cst336/midterm/index.php:150
[15-Oct-2018 20:09:32 UTC] PHP   3. in_array() /home/ubuntu/workspace/cst336/midterm/index.php:44
[15-Oct-2018 20:09:32 UTC] PHP Warning:  in_array() expects parameter 2 to be array, integer given in /home/ubuntu/workspace/cst336/midterm/index.php on line 44
[15-Oct-2018 20:09:32 UTC] PHP Stack trace:
[15-Oct-2018 20:09:32 UTC] PHP   1. {main}() /home/ubuntu/workspace/cst336/midterm/index.php:0
[15-Oct-2018 20:09:32 UTC] PHP   2. makeCalender() /home/ubuntu/workspace/cst336/midterm/index.php:150
[15-Oct-2018 20:09:32 UTC] PHP   3. in_array() /home/ubuntu/workspace/cst336/midterm/index.php:44
[15-Oct-2018 20:09:32 UTC] PHP Warning:  in_array() expects parameter 2 to be array, integer given in /home/ubuntu/workspace/cst336/midterm/index.php on line 44
[15-Oct-2018 20:09:32 UTC] PHP Stack trace:
[15-Oct-2018 20:09:32 UTC] PHP   1. {main}() /home/ubuntu/workspace/cst336/midterm/index.php:0
[15-Oct-2018 20:09:32 UTC] PHP   2. makeCalender() /home/ubuntu/workspace/cst336/midterm/index.php:150
[15-Oct-2018 20:09:32 UTC] PHP   3. in_array() /home/ubuntu/workspace/cst336/midterm/index.php:44
[15-Oct-2018 20:09:32 UTC] PHP Warning:  in_array() expects parameter 2 to be array, integer given in /home/ubuntu/workspace/cst336/midterm/index.php on line 55
[15-Oct-2018 20:09:32 UTC] PHP Stack trace:
[15-Oct-2018 20:09:32 UTC] PHP   1. {main}() /home/ubuntu/workspace/cst336/midterm/index.php:0
[15-Oct-2018 20:09:32 UTC] PHP   2. makeCalender() /home/ubuntu/workspace/cst336/midterm/index.php:150
[15-Oct-2018 20:09:32 UTC] PHP   3. in_array() /home/ubuntu/workspace/cst336/midterm/index.php:55
[15-Oct-2018 20:09:32 UTC] PHP Warning:  in_array() expects parameter 2 to be array, integer given in /home/ubuntu/workspace/cst336/midterm/index.php on line 55
[15-Oct-2018 20:09:32 UTC] PHP Stack trace:
[15-Oct-2018 20:09:32 UTC] PHP   1. {main}() /home/ubuntu/workspace/cst336/midterm/index.php:0
[15-Oct-2018 20:09:32 UTC] PHP   2. makeCalender() /home/ubuntu/workspace/cst336/midterm/index.php:150
[15-Oct-2018 20:09:32 UTC] PHP   3. in_array() /home/ubuntu/workspace/cst336/midterm/index.php:55
[15-Oct-2018 20:09:32 UTC] PHP Warning:  in_array() expects parameter 2 to be array, integer given in /home/ubuntu/workspace/cst336/midterm/index.php on line 55
[15-Oct-2018 20:09:32 UTC] PHP Stack trace:
[15-Oct-2018 20:09:32 UTC] PHP   1. {main}() /home/ubuntu/workspace/cst336/midterm/index.php:0
[15-Oct-2018 20:09:32 UTC] PHP   2. makeCalender() /home/ubuntu/workspace/cst336/midterm/index.php:150
[15-Oct-2018 20:09:32 UTC] PHP   3. in_array() /home/ubuntu/workspace/cst336/midterm/index.php:55
[15-Oct-2018 20:09:32 UTC] PHP Warning:  in_array() expects parameter 2 to be array, integer given in /home/ubuntu/workspace/cst336/midterm/index.php on line 55
[15-Oct-2018 20:09:32 UTC] PHP Stack trace:
[15-Oct-2018 20:09:32 UTC] PHP   1. {main}() /home/ubuntu/workspace/cst336/midterm/index.php:0
[15-Oct-2018 20:09:32 UTC] PHP   2. makeCalender() /home/ubuntu/workspace/cst336/midterm/index.php:150
[15-Oct-2018 20:09:32 UTC] PHP   3. in_array() /home/ubuntu/workspace/cst336/midterm/index.php:55
[15-Oct-2018 20:09:32 UTC] PHP Warning:  in_array() expects parameter 2 to be array, integer given in /home/ubuntu/workspace/cst336/midterm/index.php on line 55
[15-Oct-2018 20:09:32 UTC] PHP Stack trace:
[15-Oct-2018 20:09:32 UTC] PHP   1. {main}() /home/ubuntu/workspace/cst336/midterm/index.php:0
[15-Oct-2018 20:09:32 UTC] PHP   2. makeCalender() /home/ubuntu/workspace/cst336/midterm/index.php:150
[15-Oct-2018 20:09:32 UTC] PHP   3. in_array() /home/ubuntu/workspace/cst336/midterm/index.php:55
[15-Oct-2018 20:09:32 UTC] PHP Warning:  in_array() expects parameter 2 to be array, integer given in /home/ubuntu/workspace/cst336/midterm/index.php on line 55
[15-Oct-2018 20:09:32 UTC] PHP Stack trace:
[15-Oct-2018 20:09:32 UTC] PHP   1. {main}() /home/ubuntu/workspace/cst336/midterm/index.php:0
[15-Oct-2018 20:09:32 UTC] PHP   2. makeCalender() /home/ubuntu/workspace/cst336/midterm/index.php:150
[15-Oct-2018 20:09:32 UTC] PHP   3. in_array() /home/ubuntu/workspace/cst336/midterm/index.php:55
[15-Oct-2018 20:09:32 UTC] PHP Warning:  in_array() expects parameter 2 to be array, integer given in /home/ubuntu/workspace/cst336/midterm/index.php on line 55
[15-Oct-2018 20:09:32 UTC] PHP Stack trace:
[15-Oct-2018 20:09:32 UTC] PHP   1. {main}() /home/ubuntu/workspace/cst336/midterm/index.php:0
[15-Oct-2018 20:09:32 UTC] PHP   2. makeCalender() /home/ubuntu/workspace/cst336/midterm/index.php:150
[15-Oct-2018 20:09:32 UTC] PHP   3. in_array() /home/ubuntu/workspace/cst336/midterm/index.php:55
[15-Oct-2018 20:09:32 UTC] PHP Warning:  in_array() expects parameter 2 to be array, integer given in /home/ubuntu/workspace/cst336/midterm/index.php on line 55
[15-Oct-2018 20:09:32 UTC] PHP Stack trace:
[15-Oct-2018 20:09:32 UTC] PHP   1. {main}() /home/ubuntu/workspace/cst336/midterm/index.php:0
[15-Oct-2018 20:09:32 UTC] PHP   2. makeCalender() /home/ubuntu/workspace/cst336/midterm/index.php:150
[15-Oct-2018 20:09:32 UTC] PHP   3. in_array() /home/ubuntu/workspace/cst336/midterm/index.php:55
[15-Oct-2018 20:09:32 UTC] PHP Warning:  in_array() expects parameter 2 to be array, integer given in /home/ubuntu/workspace/cst336/midterm/index.php on line 55
[15-Oct-2018 20:09:32 UTC] PHP Stack trace:
[15-Oct-2018 20:09:32 UTC] PHP   1. {main}() /home/ubuntu/workspace/cst336/midterm/index.php:0
[15-Oct-2018 20:09:32 UTC] PHP   2. makeCalender() /home/ubuntu/workspace/cst336/midterm/index.php:150
[15-Oct-2018 20:09:32 UTC] PHP   3. in_array() /home/ubuntu/workspace/cst336/midterm/index.php:55
[15-Oct-2018 20:09:32 UTC] PHP Warning:  in_array() expects parameter 2 to be array, integer given in /home/ubuntu/workspace/cst336/midterm/index.php on line 55
[15-Oct-2018 20:09:32 UTC] PHP Stack trace:
[15-Oct-2018 20:09:32 UTC] PHP   1. {main}() /home/ubuntu/workspace/cst336/midterm/index.php:0
[15-Oct-2018 20:09:32 UTC] PHP   2. makeCalender() /home/ubuntu/workspace/cst336/midterm/index.php:150
[15-Oct-2018 20:09:32 UTC] PHP   3. in_array() /home/ubuntu/workspace/cst336/midterm/index.php:55
[15-Oct-2018 20:09:32 UTC] PHP Warning:  in_array() expects parameter 2 to be array, integer given in /home/ubuntu/workspace/cst336/midterm/index.php on line 55
[15-Oct-2018 20:09:32 UTC] PHP Stack trace:
[15-Oct-2018 20:09:32 UTC] PHP   1. {main}() /home/ubuntu/workspace/cst336/midterm/index.php:0
[15-Oct-2018 20:09:32 UTC] PHP   2. makeCalender() /home/ubuntu/workspace/cst336/midterm/index.php:150
[15-Oct-2018 20:09:32 UTC] PHP   3. in_array() /home/ubuntu/workspace/cst336/midterm/index.php:55
[15-Oct-2018 20:09:32 UTC] PHP Warning:  in_array() expects parameter 2 to be array, integer given in /home/ubuntu/workspace/cst336/midterm/index.php on line 55
[15-Oct-2018 20:09:32 UTC] PHP Stack trace:
[15-Oct-2018 20:09:32 UTC] PHP   1. {main}() /home/ubuntu/workspace/cst336/midterm/index.php:0
[15-Oct-2018 20:09:32 UTC] PHP   2. makeCalender() /home/ubuntu/workspace/cst336/midterm/index.php:150
[15-Oct-2018 20:09:32 UTC] PHP   3. in_array() /home/ubuntu/workspace/cst336/midterm/index.php:55
[15-Oct-2018 20:09:32 UTC] PHP Warning:  in_array() expects parameter 2 to be array, integer given in /home/ubuntu/workspace/cst336/midterm/index.php on line 55
[15-Oct-2018 20:09:32 UTC] PHP Stack trace:
[15-Oct-2018 20:09:32 UTC] PHP   1. {main}() /home/ubuntu/workspace/cst336/midterm/index.php:0
[15-Oct-2018 20:09:32 UTC] PHP   2. makeCalender() /home/ubuntu/workspace/cst336/midterm/index.php:150
[15-Oct-2018 20:09:32 UTC] PHP   3. in_array() /home/ubuntu/workspace/cst336/midterm/index.php:55
[15-Oct-2018 20:09:32 UTC] PHP Warning:  in_array() expects parameter 2 to be array, integer given in /home/ubuntu/workspace/cst336/midterm/index.php on line 55
[15-Oct-2018 20:09:32 UTC] PHP Stack trace:
[15-Oct-2018 20:09:32 UTC] PHP   1. {main}() /home/ubuntu/workspace/cst336/midterm/index.php:0
[15-Oct-2018 20:09:32 UTC] PHP   2. makeCalender() /home/ubuntu/workspace/cst336/midterm/index.php:150
[15-Oct-2018 20:09:32 UTC] PHP   3. in_array() /home/ubuntu/workspace/cst336/midterm/index.php:55
[15-Oct-2018 20:09:32 UTC] PHP Warning:  in_array() expects parameter 2 to be array, integer given in /home/ubuntu/workspace/cst336/midterm/index.php on line 55
[15-Oct-2018 20:09:32 UTC] PHP Stack trace:
[15-Oct-2018 20:09:32 UTC] PHP   1. {main}() /home/ubuntu/workspace/cst336/midterm/index.php:0
[15-Oct-2018 20:09:32 UTC] PHP   2. makeCalender() /home/ubuntu/workspace/cst336/midterm/index.php:150
[15-Oct-2018 20:09:32 UTC] PHP   3. in_array() /home/ubuntu/workspace/cst336/midterm/index.php:55
[15-Oct-2018 20:09:32 UTC] PHP Warning:  in_array() expects parameter 2 to be array, integer given in /home/ubuntu/workspace/cst336/midterm/index.php on line 55
[15-Oct-2018 20:09:32 UTC] PHP Stack trace:
[15-Oct-2018 20:09:32 UTC] PHP   1. {main}() /home/ubuntu/workspace/cst336/midterm/index.php:0
[15-Oct-2018 20:09:32 UTC] PHP   2. makeCalender() /home/ubuntu/workspace/cst336/midterm/index.php:150
[15-Oct-2018 20:09:32 UTC] PHP   3. in_array() /home/ubuntu/workspace/cst336/midterm/index.php:55
[15-Oct-2018 20:09:32 UTC] PHP Warning:  in_array() expects parameter 2 to be array, integer given in /home/ubuntu/workspace/cst336/midterm/index.php on line 55
[15-Oct-2018 20:09:32 UTC] PHP Stack trace:
[15-Oct-2018 20:09:32 UTC] PHP   1. {main}() /home/ubuntu/workspace/cst336/midterm/index.php:0
[15-Oct-2018 20:09:32 UTC] PHP   2. makeCalender() /home/ubuntu/workspace/cst336/midterm/index.php:150
[15-Oct-2018 20:09:32 UTC] PHP   3. in_array() /home/ubuntu/workspace/cst336/midterm/index.php:55
[15-Oct-2018 20:09:32 UTC] PHP Warning:  in_array() expects parameter 2 to be array, integer given in /home/ubuntu/workspace/cst336/midterm/index.php on line 55
[15-Oct-2018 20:09:32 UTC] PHP Stack trace:
[15-Oct-2018 20:09:32 UTC] PHP   1. {main}() /home/ubuntu/workspace/cst336/midterm/index.php:0
[15-Oct-2018 20:09:32 UTC] PHP   2. makeCalender() /home/ubuntu/workspace/cst336/midterm/index.php:150
[15-Oct-2018 20:09:32 UTC] PHP   3. in_array() /home/ubuntu/workspace/cst336/midterm/index.php:55
[15-Oct-2018 20:09:32 UTC] PHP Warning:  in_array() expects parameter 2 to be array, integer given in /home/ubuntu/workspace/cst336/midterm/index.php on line 55
[15-Oct-2018 20:09:32 UTC] PHP Stack trace:
[15-Oct-2018 20:09:32 UTC] PHP   1. {main}() /home/ubuntu/workspace/cst336/midterm/index.php:0
[15-Oct-2018 20:09:32 UTC] PHP   2. makeCalender() /home/ubuntu/workspace/cst336/midterm/index.php:150
[15-Oct-2018 20:09:32 UTC] PHP   3. in_array() /home/ubuntu/workspace/cst336/midterm/index.php:55
[15-Oct-2018 20:09:32 UTC] PHP Warning:  in_array() expects parameter 2 to be array, integer given in /home/ubuntu/workspace/cst336/midterm/index.php on line 55
[15-Oct-2018 20:09:32 UTC] PHP Stack trace:
[15-Oct-2018 20:09:32 UTC] PHP   1. {main}() /home/ubuntu/workspace/cst336/midterm/index.php:0
[15-Oct-2018 20:09:32 UTC] PHP   2. makeCalender() /home/ubuntu/workspace/cst336/midterm/index.php:150
[15-Oct-2018 20:09:32 UTC] PHP   3. in_array() /home/ubuntu/workspace/cst336/midterm/index.php:55
[15-Oct-2018 20:09:32 UTC] PHP Warning:  in_array() expects parameter 2 to be array, integer given in /home/ubuntu/workspace/cst336/midterm/index.php on line 55
[15-Oct-2018 20:09:32 UTC] PHP Stack trace:
[15-Oct-2018 20:09:32 UTC] PHP   1. {main}() /home/ubuntu/workspace/cst336/midterm/index.php:0
[15-Oct-2018 20:09:32 UTC] PHP   2. makeCalender() /home/ubuntu/workspace/cst336/midterm/index.php:150
[15-Oct-2018 20:09:32 UTC] PHP   3. in_array() /home/ubuntu/workspace/cst336/midterm/index.php:55
[15-Oct-2018 20:09:32 UTC] PHP Warning:  in_array() expects parameter 2 to be array, integer given in /home/ubuntu/workspace/cst336/midterm/index.php on line 55
[15-Oct-2018 20:09:32 UTC] PHP Stack trace:
[15-Oct-2018 20:09:32 UTC] PHP   1. {main}() /home/ubuntu/workspace/cst336/midterm/index.php:0
[15-Oct-2018 20:09:32 UTC] PHP   2. makeCalender() /home/ubuntu/workspace/cst336/midterm/index.php:150
[15-Oct-2018 20:09:32 UTC] PHP   3. in_array() /home/ubuntu/workspace/cst336/midterm/index.php:55
[15-Oct-2018 20:09:32 UTC] PHP Warning:  in_array() expects parameter 2 to be array, integer given in /home/ubuntu/workspace/cst336/midterm/index.php on line 55
[15-Oct-2018 20:09:32 UTC] PHP Stack trace:
[15-Oct-2018 20:09:32 UTC] PHP   1. {main}() /home/ubuntu/workspace/cst336/midterm/index.php:0
[15-Oct-2018 20:09:32 UTC] PHP   2. makeCalender() /home/ubuntu/workspace/cst336/midterm/index.php:150
[15-Oct-2018 20:09:32 UTC] PHP   3. in_array() /home/ubuntu/workspace/cst336/midterm/index.php:55
[15-Oct-2018 20:09:32 UTC] PHP Warning:  in_array() expects parameter 2 to be array, integer given in /home/ubuntu/workspace/cst336/midterm/index.php on line 55
[15-Oct-2018 20:09:32 UTC] PHP Stack trace:
[15-Oct-2018 20:09:32 UTC] PHP   1. {main}() /home/ubuntu/workspace/cst336/midterm/index.php:0
[15-Oct-2018 20:09:32 UTC] PHP   2. makeCalender() /home/ubuntu/workspace/cst336/midterm/index.php:150
[15-Oct-2018 20:09:32 UTC] PHP   3. in_array() /home/ubuntu/workspace/cst336/midterm/index.php:55
[15-Oct-2018 20:09:32 UTC] PHP Warning:  in_array() expects parameter 2 to be array, integer given in /home/ubuntu/workspace/cst336/midterm/index.php on line 55
[15-Oct-2018 20:09:32 UTC] PHP Stack trace:
[15-Oct-2018 20:09:32 UTC] PHP   1. {main}() /home/ubuntu/workspace/cst336/midterm/index.php:0
[15-Oct-2018 20:09:32 UTC] PHP   2. makeCalender() /home/ubuntu/workspace/cst336/midterm/index.php:150
[15-Oct-2018 20:09:32 UTC] PHP   3. in_array() /home/ubuntu/workspace/cst336/midterm/index.php:55
[15-Oct-2018 20:09:32 UTC] PHP Warning:  in_array() expects parameter 2 to be array, integer given in /home/ubuntu/workspace/cst336/midterm/index.php on line 55
[15-Oct-2018 20:09:32 UTC] PHP Stack trace:
[15-Oct-2018 20:09:32 UTC] PHP   1. {main}() /home/ubuntu/workspace/cst336/midterm/index.php:0
[15-Oct-2018 20:09:32 UTC] PHP   2. makeCalender() /home/ubuntu/workspace/cst336/midterm/index.php:150
[15-Oct-2018 20:09:32 UTC] PHP   3. in_array() /home/ubuntu/workspace/cst336/midterm/index.php:55
[15-Oct-2018 20:09:32 UTC] PHP Warning:  in_array() expects parameter 2 to be array, integer given in /home/ubuntu/workspace/cst336/midterm/index.php on line 55
[15-Oct-2018 20:09:32 UTC] PHP Stack trace:
[15-Oct-2018 20:09:32 UTC] PHP   1. {main}() /home/ubuntu/workspace/cst336/midterm/index.php:0
[15-Oct-2018 20:09:32 UTC] PHP   2. makeCalender() /home/ubuntu/workspace/cst336/midterm/index.php:150
[15-Oct-2018 20:09:32 UTC] PHP   3. in_array() /home/ubuntu/workspace/cst336/midterm/index.php:55
[15-Oct-2018 20:09:32 UTC] PHP Warning:  in_array() expects parameter 2 to be array, integer given in /home/ubuntu/workspace/cst336/midterm/index.php on line 55
[15-Oct-2018 20:09:32 UTC] PHP Stack trace:
[15-Oct-2018 20:09:32 UTC] PHP   1. {main}() /home/ubuntu/workspace/cst336/midterm/index.php:0
[15-Oct-2018 20:09:32 UTC] PHP   2. makeCalender() /home/ubuntu/workspace/cst336/midterm/index.php:150
[15-Oct-2018 20:09:32 UTC] PHP   3. in_array() /home/ubuntu/workspace/cst336/midterm/index.php:55
[15-Oct-2018 20:09:32 UTC] PHP Warning:  in_array() expects parameter 2 to be array, integer given in /home/ubuntu/workspace/cst336/midterm/index.php on line 55
[15-Oct-2018 20:09:32 UTC] PHP Stack trace:
[15-Oct-2018 20:09:32 UTC] PHP   1. {main}() /home/ubuntu/workspace/cst336/midterm/index.php:0
[15-Oct-2018 20:09:32 UTC] PHP   2. makeCalender() /home/ubuntu/workspace/cst336/midterm/index.php:150
[15-Oct-2018 20:09:32 UTC] PHP   3. in_array() /home/ubuntu/workspace/cst336/midterm/index.php:55
[15-Oct-2018 20:09:32 UTC] PHP Warning:  in_array() expects parameter 2 to be array, integer given in /home/ubuntu/workspace/cst336/midterm/index.php on line 55
[15-Oct-2018 20:09:32 UTC] PHP Stack trace:
[15-Oct-2018 20:09:32 UTC] PHP   1. {main}() /home/ubuntu/workspace/cst336/midterm/index.php:0
[15-Oct-2018 20:09:32 UTC] PHP   2. makeCalender() /home/ubuntu/workspace/cst336/midterm/index.php:150
[15-Oct-2018 20:09:32 UTC] PHP   3. in_array() /home/ubuntu/workspace/cst336/midterm/index.php:55
[12-Dec-2018 18:44:48 UTC] PHP Fatal error:  Uncaught exception 'PDOException' with message 'SQLSTATE[42S02]: Base table or view not found: 1146 Table 'ottershoes.os_brand' doesn't exist' in /home/ubuntu/workspace/cst336/CST336_Project1/index.php:34
Stack trace:
#0 /home/ubuntu/workspace/cst336/CST336_Project1/index.php(34): PDOStatement->execute()
#1 /home/ubuntu/workspace/cst336/CST336_Project1/index.php(92): displayBrand()
#2 {main}
  thrown in /home/ubuntu/workspace/cst336/CST336_Project1/index.php on line 34
[12-Dec-2018 18:45:45 UTC] PHP Fatal error:  Uncaught exception 'PDOException' with message 'SQLSTATE[42S02]: Base table or view not found: 1146 Table 'ottershoes.os_brand' doesn't exist' in /home/ubuntu/workspace/cst336/finalProject/index.php:34
Stack trace:
#0 /home/ubuntu/workspace/cst336/finalProject/index.php(34): PDOStatement->execute()
#1 /home/ubuntu/workspace/cst336/finalProject/index.php(92): displayBrand()
#2 {main}
  thrown in /home/ubuntu/workspace/cst336/finalProject/index.php on line 34
[12-Dec-2018 18:47:17 UTC] PHP Fatal error:  Uncaught exception 'PDOException' with message 'SQLSTATE[42S02]: Base table or view not found: 1146 Table 'ottershoes.os_brand' doesn't exist' in /home/ubuntu/workspace/cst336/finalProject/index.php:34
Stack trace:
#0 /home/ubuntu/workspace/cst336/finalProject/index.php(34): PDOStatement->execute()
#1 /home/ubuntu/workspace/cst336/finalProject/index.php(92): displayBrand()
#2 {main}
  thrown in /home/ubuntu/workspace/cst336/finalProject/index.php on line 34
[12-Dec-2018 18:48:28 UTC] PHP Fatal error:  Uncaught exception 'PDOException' with message 'SQLSTATE[42S02]: Base table or view not found: 1146 Table 'ottershoes.os_brand' doesn't exist' in /home/ubuntu/workspace/cst336/finalProject/index.php:34
Stack trace:
#0 /home/ubuntu/workspace/cst336/finalProject/index.php(34): PDOStatement->execute()
#1 /home/ubuntu/workspace/cst336/finalProject/index.php(92): displayBrand()
#2 {main}
  thrown in /home/ubuntu/workspace/cst336/finalProject/index.php on line 34
[12-Dec-2018 18:48:32 UTC] PHP Fatal error:  Uncaught exception 'PDOException' with message 'SQLSTATE[42S02]: Base table or view not found: 1146 Table 'ottershoes.os_brand' doesn't exist' in /home/ubuntu/workspace/cst336/finalProject/index.php:34
Stack trace:
#0 /home/ubuntu/workspace/cst336/finalProject/index.php(34): PDOStatement->execute()
#1 /home/ubuntu/workspace/cst336/finalProject/index.php(92): displayBrand()
#2 {main}
  thrown in /home/ubuntu/workspace/cst336/finalProject/index.php on line 34
[12-Dec-2018 18:48:35 UTC] PHP Fatal error:  Uncaught exception 'PDOException' with message 'SQLSTATE[42S02]: Base table or view not found: 1146 Table 'ottershoes.os_brand' doesn't exist' in /home/ubuntu/workspace/cst336/finalProject/index.php:34
Stack trace:
#0 /home/ubuntu/workspace/cst336/finalProject/index.php(34): PDOStatement->execute()
#1 /home/ubuntu/workspace/cst336/finalProject/index.php(92): displayBrand()
#2 {main}
  thrown in /home/ubuntu/workspace/cst336/finalProject/index.php on line 34
[12-Dec-2018 18:49:33 UTC] PHP Fatal error:  Uncaught exception 'PDOException' with message 'SQLSTATE[42S02]: Base table or view not found: 1146 Table 'ottershoes.os_brand' doesn't exist' in /home/ubuntu/workspace/cst336/finalProject/index.php:34
Stack trace:
#0 /home/ubuntu/workspace/cst336/finalProject/index.php(34): PDOStatement->execute()
#1 /home/ubuntu/workspace/cst336/finalProject/index.php(92): displayBrand()
#2 {main}
  thrown in /home/ubuntu/workspace/cst336/finalProject/index.php on line 34
[12-Dec-2018 18:49:35 UTC] PHP Fatal error:  Uncaught exception 'PDOException' with message 'SQLSTATE[42S02]: Base table or view not found: 1146 Table 'ottershoes.os_brand' doesn't exist' in /home/ubuntu/workspace/cst336/finalProject/index.php:34
Stack trace:
#0 /home/ubuntu/workspace/cst336/finalProject/index.php(34): PDOStatement->execute()
#1 /home/ubuntu/workspace/cst336/finalProject/index.php(92): displayBrand()
#2 {main}
  thrown in /home/ubuntu/workspace/cst336/finalProject/index.php on line 34
[12-Dec-2018 18:49:42 UTC] PHP Fatal error:  Uncaught exception 'PDOException' with message 'SQLSTATE[42S02]: Base table or view not found: 1146 Table 'ottershoes.os_brand' doesn't exist' in /home/ubuntu/workspace/cst336/finalProject/index.php:34
Stack trace:
#0 /home/ubuntu/workspace/cst336/finalProject/index.php(34): PDOStatement->execute()
#1 /home/ubuntu/workspace/cst336/finalProject/index.php(92): displayBrand()
#2 {main}
  thrown in /home/ubuntu/workspace/cst336/finalProject/index.php on line 34
[12-Dec-2018 18:49:52 UTC] PHP Fatal error:  Uncaught exception 'PDOException' with message 'SQLSTATE[42S02]: Base table or view not found: 1146 Table 'ottershoes.os_brand' doesn't exist' in /home/ubuntu/workspace/cst336/finalProject/index.php:34
Stack trace:
#0 /home/ubuntu/workspace/cst336/finalProject/index.php(34): PDOStatement->execute()
#1 /home/ubuntu/workspace/cst336/finalProject/index.php(92): displayBrand()
#2 {main}
  thrown in /home/ubuntu/workspace/cst336/finalProject/index.php on line 34
[12-Dec-2018 18:50:09 UTC] PHP Fatal error:  Uncaught exception 'PDOException' with message 'SQLSTATE[42S02]: Base table or view not found: 1146 Table 'ottershoes.os_brand' doesn't exist' in /home/ubuntu/workspace/cst336/finalProject/index.php:34
Stack trace:
#0 /home/ubuntu/workspace/cst336/finalProject/index.php(34): PDOStatement->execute()
#1 /home/ubuntu/workspace/cst336/finalProject/index.php(92): displayBrand()
#2 {main}
  thrown in /home/ubuntu/workspace/cst336/finalProject/index.php on line 34
[12-Dec-2018 18:55:16 UTC] PHP Fatal error:  Uncaught exception 'PDOException' with message 'SQLSTATE[42S02]: Base table or view not found: 1146 Table 'ottershoes.os_brand' doesn't exist' in /home/ubuntu/workspace/cst336/finalProject/index.php:34
Stack trace:
#0 /home/ubuntu/workspace/cst336/finalProject/index.php(34): PDOStatement->execute()
#1 /home/ubuntu/workspace/cst336/finalProject/index.php(92): displayBrand()
#2 {main}
  thrown in /home/ubuntu/workspace/cst336/finalProject/index.php on line 34
[12-Dec-2018 18:55:33 UTC] PHP Fatal error:  Uncaught exception 'PDOException' with message 'SQLSTATE[42S02]: Base table or view not found: 1146 Table 'ottershoes.os_brand' doesn't exist' in /home/ubuntu/workspace/cst336/finalProject/index.php:34
Stack trace:
#0 /home/ubuntu/workspace/cst336/finalProject/index.php(34): PDOStatement->execute()
#1 /home/ubuntu/workspace/cst336/finalProject/index.php(92): displayBrand()
#2 {main}
  thrown in /home/ubuntu/workspace/cst336/finalProject/index.php on line 34
[12-Dec-2018 18:56:03 UTC] PHP Fatal error:  Uncaught exception 'PDOException' with message 'SQLSTATE[42S02]: Base table or view not found: 1146 Table 'otterhats.os_brand' doesn't exist' in /home/ubuntu/workspace/cst336/finalProject/index.php:12
Stack trace:
#0 /home/ubuntu/workspace/cst336/finalProject/index.php(12): PDOStatement->execute()
#1 /home/ubuntu/workspace/cst336/finalProject/index.php(68): displayBrand()
#2 {main}
  thrown in /home/ubuntu/workspace/cst336/finalProject/index.php on line 12
[12-Dec-2018 18:56:18 UTC] PHP Fatal error:  Uncaught exception 'PDOException' with message 'SQLSTATE[42S02]: Base table or view not found: 1146 Table 'otterhats.os_brand' doesn't exist' in /home/ubuntu/workspace/cst336/finalProject/index.php:12
Stack trace:
#0 /home/ubuntu/workspace/cst336/finalProject/index.php(12): PDOStatement->execute()
#1 /home/ubuntu/workspace/cst336/finalProject/index.php(68): displayBrand()
#2 {main}
  thrown in /home/ubuntu/workspace/cst336/finalProject/index.php on line 12
[12-Dec-2018 18:57:36 UTC] PHP Fatal error:  Uncaught exception 'PDOException' with message 'SQLSTATE[42S02]: Base table or view not found: 1146 Table 'otterhats.os_brand' doesn't exist' in /home/ubuntu/workspace/cst336/finalProject/index.php:12
Stack trace:
#0 /home/ubuntu/workspace/cst336/finalProject/index.php(12): PDOStatement->execute()
#1 /home/ubuntu/workspace/cst336/finalProject/index.php(68): displayBrand()
#2 {main}
  thrown in /home/ubuntu/workspace/cst336/finalProject/index.php on line 12
[12-Dec-2018 18:57:47 UTC] PHP Fatal error:  Uncaught exception 'PDOException' with message 'SQLSTATE[42S02]: Base table or view not found: 1146 Table 'otterhats.os_brand' doesn't exist' in /home/ubuntu/workspace/cst336/finalProject/index.php:12
Stack trace:
#0 /home/ubuntu/workspace/cst336/finalProject/index.php(12): PDOStatement->execute()
#1 /home/ubuntu/workspace/cst336/finalProject/index.php(68): displayBrand()
#2 {main}
  thrown in /home/ubuntu/workspace/cst336/finalProject/index.php on line 12
[12-Dec-2018 18:59:25 UTC] PHP Fatal error:  Uncaught exception 'PDOException' with message 'SQLSTATE[42S02]: Base table or view not found: 1146 Table 'otterhats.os_color' doesn't exist' in /home/ubuntu/workspace/cst336/finalProject/index.php:24
Stack trace:
#0 /home/ubuntu/workspace/cst336/finalProject/index.php(24): PDOStatement->execute()
#1 /home/ubuntu/workspace/cst336/finalProject/index.php(68): displayColor()
#2 {main}
  thrown in /home/ubuntu/workspace/cst336/finalProject/index.php on line 24
[12-Dec-2018 18:59:39 UTC] PHP Fatal error:  Uncaught exception 'PDOException' with message 'SQLSTATE[42S02]: Base table or view not found: 1146 Table 'otterhats.os_color' doesn't exist' in /home/ubuntu/workspace/cst336/finalProject/index.php:24
Stack trace:
#0 /home/ubuntu/workspace/cst336/finalProject/index.php(24): PDOStatement->execute()
#1 /home/ubuntu/workspace/cst336/finalProject/index.php(68): displayColor()
#2 {main}
  thrown in /home/ubuntu/workspace/cst336/finalProject/index.php on line 24
[12-Dec-2018 19:01:11 UTC] PHP Fatal error:  Call to undefined function displayCategory() in /home/ubuntu/workspace/cst336/finalProject/index.php on line 68
[12-Dec-2018 19:01:11 UTC] PHP Stack trace:
[12-Dec-2018 19:01:11 UTC] PHP   1. {main}() /home/ubuntu/workspace/cst336/finalProject/index.php:0
[12-Dec-2018 19:02:20 UTC] PHP Fatal error:  Call to undefined function displayCategory() in /home/ubuntu/workspace/cst336/finalProject/index.php on line 57
[12-Dec-2018 19:02:20 UTC] PHP Stack trace:
[12-Dec-2018 19:02:20 UTC] PHP   1. {main}() /home/ubuntu/workspace/cst336/finalProject/index.php:0
[12-Dec-2018 19:04:37 UTC] PHP Fatal error:  Call to undefined function getCartCount() in /home/ubuntu/workspace/cst336/finalProject/inc/functions.php on line 83
[12-Dec-2018 19:04:37 UTC] PHP Stack trace:
[12-Dec-2018 19:04:37 UTC] PHP   1. {main}() /home/ubuntu/workspace/cst336/finalProject/index.php:0
[12-Dec-2018 19:04:37 UTC] PHP   2. includeNavBar() /home/ubuntu/workspace/cst336/finalProject/index.php:49
[12-Dec-2018 19:04:56 UTC] PHP Fatal error:  Call to undefined function getCartCount() in /home/ubuntu/workspace/cst336/finalProject/inc/functions.php on line 83
[12-Dec-2018 19:04:56 UTC] PHP Stack trace:
[12-Dec-2018 19:04:56 UTC] PHP   1. {main}() /home/ubuntu/workspace/cst336/finalProject/index.php:0
[12-Dec-2018 19:04:56 UTC] PHP   2. includeNavBar() /home/ubuntu/workspace/cst336/finalProject/index.php:49
[12-Dec-2018 19:29:09 UTC] PHP Warning:  include(../../inc/dbConnection.php): failed to open stream: No such file or directory in /home/ubuntu/workspace/cst336/finalProject/loginProcess.php on line 4
[12-Dec-2018 19:29:09 UTC] PHP Stack trace:
[12-Dec-2018 19:29:09 UTC] PHP   1. {main}() /home/ubuntu/workspace/cst336/finalProject/loginProcess.php:0
[12-Dec-2018 19:29:09 UTC] PHP Warning:  include(): Failed opening '../../inc/dbConnection.php' for inclusion (include_path='.:/usr/share/php:/usr/share/pear') in /home/ubuntu/workspace/cst336/finalProject/loginProcess.php on line 4
[12-Dec-2018 19:29:09 UTC] PHP Stack trace:
[12-Dec-2018 19:29:09 UTC] PHP   1. {main}() /home/ubuntu/workspace/cst336/finalProject/loginProcess.php:0
[12-Dec-2018 19:29:09 UTC] PHP Fatal error:  Call to undefined function startConnection() in /home/ubuntu/workspace/cst336/finalProject/loginProcess.php on line 5
[12-Dec-2018 19:29:09 UTC] PHP Stack trace:
[12-Dec-2018 19:29:09 UTC] PHP   1. {main}() /home/ubuntu/workspace/cst336/finalProject/loginProcess.php:0
[12-Dec-2018 19:29:27 UTC] PHP Warning:  include(../../inc/dbConnection.php): failed to open stream: No such file or directory in /home/ubuntu/workspace/cst336/finalProject/loginProcess.php on line 4
[12-Dec-2018 19:29:27 UTC] PHP Stack trace:
[12-Dec-2018 19:29:27 UTC] PHP   1. {main}() /home/ubuntu/workspace/cst336/finalProject/loginProcess.php:0
[12-Dec-2018 19:29:27 UTC] PHP Warning:  include(): Failed opening '../../inc/dbConnection.php' for inclusion (include_path='.:/usr/share/php:/usr/share/pear') in /home/ubuntu/workspace/cst336/finalProject/loginProcess.php on line 4
[12-Dec-2018 19:29:27 UTC] PHP Stack trace:
[12-Dec-2018 19:29:27 UTC] PHP   1. {main}() /home/ubuntu/workspace/cst336/finalProject/loginProcess.php:0
[12-Dec-2018 19:29:27 UTC] PHP Fatal error:  Call to undefined function startConnection() in /home/ubuntu/workspace/cst336/finalProject/loginProcess.php on line 5
[12-Dec-2018 19:29:27 UTC] PHP Stack trace:
[12-Dec-2018 19:29:27 UTC] PHP   1. {main}() /home/ubuntu/workspace/cst336/finalProject/loginProcess.php:0
[12-Dec-2018 19:30:37 UTC] PHP Warning:  include(../../inc/dbConnection.php): failed to open stream: No such file or directory in /home/ubuntu/workspace/cst336/finalProject/loginProcess.php on line 4
[12-Dec-2018 19:30:37 UTC] PHP Stack trace:
[12-Dec-2018 19:30:37 UTC] PHP   1. {main}() /home/ubuntu/workspace/cst336/finalProject/loginProcess.php:0
[12-Dec-2018 19:30:37 UTC] PHP Warning:  include(): Failed opening '../../inc/dbConnection.php' for inclusion (include_path='.:/usr/share/php:/usr/share/pear') in /home/ubuntu/workspace/cst336/finalProject/loginProcess.php on line 4
[12-Dec-2018 19:30:37 UTC] PHP Stack trace:
[12-Dec-2018 19:30:37 UTC] PHP   1. {main}() /home/ubuntu/workspace/cst336/finalProject/loginProcess.php:0
[12-Dec-2018 19:30:37 UTC] PHP Fatal error:  Call to undefined function startConnection() in /home/ubuntu/workspace/cst336/finalProject/loginProcess.php on line 5
[12-Dec-2018 19:30:37 UTC] PHP Stack trace:
[12-Dec-2018 19:30:37 UTC] PHP   1. {main}() /home/ubuntu/workspace/cst336/finalProject/loginProcess.php:0
[12-Dec-2018 19:31:26 UTC] PHP Fatal error:  Call to undefined function startConnection() in /home/ubuntu/workspace/cst336/finalProject/loginProcess.php on line 5
[12-Dec-2018 19:31:26 UTC] PHP Stack trace:
[12-Dec-2018 19:31:26 UTC] PHP   1. {main}() /home/ubuntu/workspace/cst336/finalProject/loginProcess.php:0
[12-Dec-2018 19:32:10 UTC] PHP Warning:  include(../../inc/dbConnection.php): failed to open stream: No such file or directory in /home/ubuntu/workspace/cst336/finalProject/admin.php on line 6
[12-Dec-2018 19:32:10 UTC] PHP Stack trace:
[12-Dec-2018 19:32:10 UTC] PHP   1. {main}() /home/ubuntu/workspace/cst336/finalProject/admin.php:0
[12-Dec-2018 19:32:10 UTC] PHP Warning:  include(): Failed opening '../../inc/dbConnection.php' for inclusion (include_path='.:/usr/share/php:/usr/share/pear') in /home/ubuntu/workspace/cst336/finalProject/admin.php on line 6
[12-Dec-2018 19:32:10 UTC] PHP Stack trace:
[12-Dec-2018 19:32:10 UTC] PHP   1. {main}() /home/ubuntu/workspace/cst336/finalProject/admin.php:0
[12-Dec-2018 19:32:10 UTC] PHP Fatal error:  Call to undefined function startConnection() in /home/ubuntu/workspace/cst336/finalProject/admin.php on line 7
[12-Dec-2018 19:32:10 UTC] PHP Stack trace:
[12-Dec-2018 19:32:10 UTC] PHP   1. {main}() /home/ubuntu/workspace/cst336/finalProject/admin.php:0
[12-Dec-2018 19:32:37 UTC] PHP Fatal error:  Call to undefined function startDatabaseConnection() in /home/ubuntu/workspace/cst336/finalProject/admin.php on line 7
[12-Dec-2018 19:32:37 UTC] PHP Stack trace:
[12-Dec-2018 19:32:37 UTC] PHP   1. {main}() /home/ubuntu/workspace/cst336/finalProject/admin.php:0
[12-Dec-2018 19:33:04 UTC] PHP Warning:  include(../../inc/dbConnection.php): failed to open stream: No such file or directory in /home/ubuntu/workspace/cst336/finalProject/addProduct.php on line 4
[12-Dec-2018 19:33:04 UTC] PHP Stack trace:
[12-Dec-2018 19:33:04 UTC] PHP   1. {main}() /home/ubuntu/workspace/cst336/finalProject/addProduct.php:0
[12-Dec-2018 19:33:04 UTC] PHP Warning:  include(): Failed opening '../../inc/dbConnection.php' for inclusion (include_path='.:/usr/share/php:/usr/share/pear') in /home/ubuntu/workspace/cst336/finalProject/addProduct.php on line 4
[12-Dec-2018 19:33:04 UTC] PHP Stack trace:
[12-Dec-2018 19:33:04 UTC] PHP   1. {main}() /home/ubuntu/workspace/cst336/finalProject/addProduct.php:0
[12-Dec-2018 19:33:04 UTC] PHP Fatal error:  Call to undefined function startConnection() in /home/ubuntu/workspace/cst336/finalProject/addProduct.php on line 5
[12-Dec-2018 19:33:04 UTC] PHP Stack trace:
[12-Dec-2018 19:33:04 UTC] PHP   1. {main}() /home/ubuntu/workspace/cst336/finalProject/addProduct.php:0
[12-Dec-2018 19:33:54 UTC] PHP Fatal error:  Uncaught exception 'PDOException' with message 'SQLSTATE[42S02]: Base table or view not found: 1146 Table 'otterhats.om_product' doesn't exist' in /home/ubuntu/workspace/cst336/finalProject/addProduct.php:28
Stack trace:
#0 /home/ubuntu/workspace/cst336/finalProject/addProduct.php(28): PDOStatement->execute(Array)
#1 {main}
  thrown in /home/ubuntu/workspace/cst336/finalProject/addProduct.php on line 28
[12-Dec-2018 19:38:07 UTC] PHP Fatal error:  Call to undefined function getColors() in /home/ubuntu/workspace/cst336/finalProject/addProduct.php on line 71
[12-Dec-2018 19:38:07 UTC] PHP Stack trace:
[12-Dec-2018 19:38:07 UTC] PHP   1. {main}() /home/ubuntu/workspace/cst336/finalProject/addProduct.php:0
[12-Dec-2018 19:39:13 UTC] PHP Fatal error:  Call to undefined function getColors() in /home/ubuntu/workspace/cst336/finalProject/addProduct.php on line 71
[12-Dec-2018 19:39:13 UTC] PHP Stack trace:
[12-Dec-2018 19:39:13 UTC] PHP   1. {main}() /home/ubuntu/workspace/cst336/finalProject/addProduct.php:0
[12-Dec-2018 19:39:16 UTC] PHP Fatal error:  Call to undefined function getColors() in /home/ubuntu/workspace/cst336/finalProject/addProduct.php on line 71
[12-Dec-2018 19:39:16 UTC] PHP Stack trace:
[12-Dec-2018 19:39:16 UTC] PHP   1. {main}() /home/ubuntu/workspace/cst336/finalProject/addProduct.php:0
[12-Dec-2018 19:39:20 UTC] PHP Fatal error:  Call to undefined function getColors() in /home/ubuntu/workspace/cst336/finalProject/addProduct.php on line 71
[12-Dec-2018 19:39:20 UTC] PHP Stack trace:
[12-Dec-2018 19:39:20 UTC] PHP   1. {main}() /home/ubuntu/workspace/cst336/finalProject/addProduct.php:0
[12-Dec-2018 19:40:25 UTC] PHP Fatal error:  Call to undefined function getColors() in /home/ubuntu/workspace/cst336/finalProject/addProduct.php on line 71
[12-Dec-2018 19:40:25 UTC] PHP Stack trace:
[12-Dec-2018 19:40:25 UTC] PHP   1. {main}() /home/ubuntu/workspace/cst336/finalProject/addProduct.php:0
[12-Dec-2018 19:40:30 UTC] PHP Fatal error:  Call to undefined function getColors() in /home/ubuntu/workspace/cst336/finalProject/addProduct.php on line 71
[12-Dec-2018 19:40:30 UTC] PHP Stack trace:
[12-Dec-2018 19:40:30 UTC] PHP   1. {main}() /home/ubuntu/workspace/cst336/finalProject/addProduct.php:0
[12-Dec-2018 19:42:03 UTC] PHP Fatal error:  Call to undefined function getColors() in /home/ubuntu/workspace/cst336/finalProject/addProduct.php on line 71
[12-Dec-2018 19:42:03 UTC] PHP Stack trace:
[12-Dec-2018 19:42:03 UTC] PHP   1. {main}() /home/ubuntu/workspace/cst336/finalProject/addProduct.php:0
[12-Dec-2018 19:43:58 UTC] PHP Fatal error:  Call to undefined function getColors() in /home/ubuntu/workspace/cst336/finalProject/addProduct.php on line 71
[12-Dec-2018 19:43:58 UTC] PHP Stack trace:
[12-Dec-2018 19:43:58 UTC] PHP   1. {main}() /home/ubuntu/workspace/cst336/finalProject/addProduct.php:0
[12-Dec-2018 19:44:00 UTC] PHP Fatal error:  Call to undefined function getColors() in /home/ubuntu/workspace/cst336/finalProject/addProduct.php on line 71
[12-Dec-2018 19:44:00 UTC] PHP Stack trace:
[12-Dec-2018 19:44:00 UTC] PHP   1. {main}() /home/ubuntu/workspace/cst336/finalProject/addProduct.php:0
[12-Dec-2018 19:45:24 UTC] PHP Fatal error:  Call to undefined function getColors() in /home/ubuntu/workspace/cst336/finalProject/addProduct.php on line 71
[12-Dec-2018 19:45:24 UTC] PHP Stack trace:
[12-Dec-2018 19:45:24 UTC] PHP   1. {main}() /home/ubuntu/workspace/cst336/finalProject/addProduct.php:0
[12-Dec-2018 19:45:26 UTC] PHP Fatal error:  Call to undefined function getColors() in /home/ubuntu/workspace/cst336/finalProject/addProduct.php on line 71
[12-Dec-2018 19:45:26 UTC] PHP Stack trace:
[12-Dec-2018 19:45:26 UTC] PHP   1. {main}() /home/ubuntu/workspace/cst336/finalProject/addProduct.php:0
[12-Dec-2018 19:46:04 UTC] PHP Fatal error:  Call to undefined function getColors() in /home/ubuntu/workspace/cst336/finalProject/addProduct.php on line 71
[12-Dec-2018 19:46:04 UTC] PHP Stack trace:
[12-Dec-2018 19:46:04 UTC] PHP   1. {main}() /home/ubuntu/workspace/cst336/finalProject/addProduct.php:0
[12-Dec-2018 19:47:01 UTC] PHP Fatal error:  Call to undefined function getColors() in /home/ubuntu/workspace/cst336/finalProject/addProduct.php on line 71
[12-Dec-2018 19:47:01 UTC] PHP Stack trace:
[12-Dec-2018 19:47:01 UTC] PHP   1. {main}() /home/ubuntu/workspace/cst336/finalProject/addProduct.php:0
[12-Dec-2018 19:47:35 UTC] PHP Fatal error:  Call to undefined function getColors() in /home/ubuntu/workspace/cst336/finalProject/addProduct.php on line 71
[12-Dec-2018 19:47:35 UTC] PHP Stack trace:
[12-Dec-2018 19:47:35 UTC] PHP   1. {main}() /home/ubuntu/workspace/cst336/finalProject/addProduct.php:0
[12-Dec-2018 19:52:39 UTC] PHP Fatal error:  Uncaught exception 'PDOException' with message 'SQLSTATE[HY093]: Invalid parameter number: parameter was not defined' in /home/ubuntu/workspace/cst336/finalProject/addProduct.php:30
Stack trace:
#0 /home/ubuntu/workspace/cst336/finalProject/addProduct.php(30): PDOStatement->execute(Array)
#1 {main}
  thrown in /home/ubuntu/workspace/cst336/finalProject/addProduct.php on line 30
[12-Dec-2018 19:53:37 UTC] PHP Warning:  include(../../inc/dbConnection.php): failed to open stream: No such file or directory in /home/ubuntu/workspace/cst336/finalProject/productInfo.php on line 4
[12-Dec-2018 19:53:37 UTC] PHP Stack trace:
[12-Dec-2018 19:53:37 UTC] PHP   1. {main}() /home/ubuntu/workspace/cst336/finalProject/productInfo.php:0
[12-Dec-2018 19:53:37 UTC] PHP Warning:  include(): Failed opening '../../inc/dbConnection.php' for inclusion (include_path='.:/usr/share/php:/usr/share/pear') in /home/ubuntu/workspace/cst336/finalProject/productInfo.php on line 4
[12-Dec-2018 19:53:37 UTC] PHP Stack trace:
[12-Dec-2018 19:53:37 UTC] PHP   1. {main}() /home/ubuntu/workspace/cst336/finalProject/productInfo.php:0
[12-Dec-2018 19:53:37 UTC] PHP Fatal error:  Call to undefined function startConnection() in /home/ubuntu/workspace/cst336/finalProject/productInfo.php on line 5
[12-Dec-2018 19:53:37 UTC] PHP Stack trace:
[12-Dec-2018 19:53:37 UTC] PHP   1. {main}() /home/ubuntu/workspace/cst336/finalProject/productInfo.php:0
[12-Dec-2018 19:55:39 UTC] PHP Warning:  include(../../inc/dbConnection.php): failed to open stream: No such file or directory in /home/ubuntu/workspace/cst336/finalProject/deleteProduct.php on line 4
[12-Dec-2018 19:55:39 UTC] PHP Stack trace:
[12-Dec-2018 19:55:39 UTC] PHP   1. {main}() /home/ubuntu/workspace/cst336/finalProject/deleteProduct.php:0
[12-Dec-2018 19:55:39 UTC] PHP Warning:  include(): Failed opening '../../inc/dbConnection.php' for inclusion (include_path='.:/usr/share/php:/usr/share/pear') in /home/ubuntu/workspace/cst336/finalProject/deleteProduct.php on line 4
[12-Dec-2018 19:55:39 UTC] PHP Stack trace:
[12-Dec-2018 19:55:39 UTC] PHP   1. {main}() /home/ubuntu/workspace/cst336/finalProject/deleteProduct.php:0
[12-Dec-2018 19:55:39 UTC] PHP Fatal error:  Call to undefined function startConnection() in /home/ubuntu/workspace/cst336/finalProject/deleteProduct.php on line 5
[12-Dec-2018 19:55:39 UTC] PHP Stack trace:
[12-Dec-2018 19:55:39 UTC] PHP   1. {main}() /home/ubuntu/workspace/cst336/finalProject/deleteProduct.php:0
[12-Dec-2018 19:56:23 UTC] PHP Fatal error:  Uncaught exception 'PDOException' with message 'SQLSTATE[42S02]: Base table or view not found: 1146 Table 'ottermart.products' doesn't exist' in /home/ubuntu/workspace/cst336/finalProject/deleteProduct.php:11
Stack trace:
#0 /home/ubuntu/workspace/cst336/finalProject/deleteProduct.php(11): PDOStatement->execute()
#1 {main}
  thrown in /home/ubuntu/workspace/cst336/finalProject/deleteProduct.php on line 11
[12-Dec-2018 20:10:19 UTC] PHP Warning:  include(../../inc/dbConnection.php): failed to open stream: No such file or directory in /home/ubuntu/workspace/cst336/finalProject/updateProduct.php on line 4
[12-Dec-2018 20:10:19 UTC] PHP Stack trace:
[12-Dec-2018 20:10:19 UTC] PHP   1. {main}() /home/ubuntu/workspace/cst336/finalProject/updateProduct.php:0
[12-Dec-2018 20:10:19 UTC] PHP Warning:  include(): Failed opening '../../inc/dbConnection.php' for inclusion (include_path='.:/usr/share/php:/usr/share/pear') in /home/ubuntu/workspace/cst336/finalProject/updateProduct.php on line 4
[12-Dec-2018 20:10:19 UTC] PHP Stack trace:
[12-Dec-2018 20:10:19 UTC] PHP   1. {main}() /home/ubuntu/workspace/cst336/finalProject/updateProduct.php:0
[12-Dec-2018 20:10:19 UTC] PHP Fatal error:  Call to undefined function startConnection() in /home/ubuntu/workspace/cst336/finalProject/updateProduct.php on line 5
[12-Dec-2018 20:10:19 UTC] PHP Stack trace:
[12-Dec-2018 20:10:19 UTC] PHP   1. {main}() /home/ubuntu/workspace/cst336/finalProject/updateProduct.php:0
[12-Dec-2018 20:13:01 UTC] PHP Warning:  Invalid argument supplied for foreach() in /home/ubuntu/workspace/cst336/finalProject/updateProduct.php on line 93
[12-Dec-2018 20:13:01 UTC] PHP Stack trace:
[12-Dec-2018 20:13:01 UTC] PHP   1. {main}() /home/ubuntu/workspace/cst336/finalProject/updateProduct.php:0
[12-Dec-2018 20:15:02 UTC] PHP Warning:  Invalid argument supplied for foreach() in /home/ubuntu/workspace/cst336/finalProject/updateProduct.php on line 93
[12-Dec-2018 20:15:02 UTC] PHP Stack trace:
[12-Dec-2018 20:15:02 UTC] PHP   1. {main}() /home/ubuntu/workspace/cst336/finalProject/updateProduct.php:0
[12-Dec-2018 20:33:14 UTC] PHP Fatal error:  Call to undefined function startConnection() in /home/ubuntu/workspace/cst336/finalProject/api/getReport.php on line 4
[12-Dec-2018 20:33:14 UTC] PHP Stack trace:
[12-Dec-2018 20:33:14 UTC] PHP   1. {main}() /home/ubuntu/workspace/cst336/finalProject/admin.php:0
[12-Dec-2018 20:33:14 UTC] PHP   2. include() /home/ubuntu/workspace/cst336/finalProject/admin.php:5
[12-Dec-2018 20:33:57 UTC] PHP Fatal error:  Call to undefined function startConnection() in /home/ubuntu/workspace/cst336/finalProject/api/getReport.php on line 4
[12-Dec-2018 20:33:57 UTC] PHP Stack trace:
[12-Dec-2018 20:33:57 UTC] PHP   1. {main}() /home/ubuntu/workspace/cst336/finalProject/admin.php:0
[12-Dec-2018 20:33:57 UTC] PHP   2. include() /home/ubuntu/workspace/cst336/finalProject/admin.php:5
[12-Dec-2018 20:34:25 UTC] PHP Fatal error:  Cannot redeclare getDatabaseConnection() (previously declared in /home/ubuntu/workspace/cst336/finalProject/Connection.php:3) in /home/ubuntu/workspace/cst336/finalProject/Connection.php on line 3
[12-Dec-2018 20:34:25 UTC] PHP Stack trace:
[12-Dec-2018 20:34:25 UTC] PHP   1. {main}() /home/ubuntu/workspace/cst336/finalProject/admin.php:0
[12-Dec-2018 20:37:18 UTC] PHP Fatal error:  Cannot redeclare getDatabaseConnection() (previously declared in /home/ubuntu/workspace/cst336/finalProject/Connection.php:3) in /home/ubuntu/workspace/cst336/finalProject/Connection.php on line 3
[12-Dec-2018 20:37:18 UTC] PHP Stack trace:
[12-Dec-2018 20:37:18 UTC] PHP   1. {main}() /home/ubuntu/workspace/cst336/finalProject/admin.php:0
[12-Dec-2018 20:43:56 UTC] PHP Fatal error:  Cannot redeclare getDatabaseConnection() (previously declared in /home/ubuntu/workspace/cst336/finalProject/Connection.php:3) in /home/ubuntu/workspace/cst336/finalProject/Connection.php on line 3
[12-Dec-2018 20:43:56 UTC] PHP Stack trace:
[12-Dec-2018 20:43:56 UTC] PHP   1. {main}() /home/ubuntu/workspace/cst336/finalProject/admin.php:0
[12-Dec-2018 20:45:50 UTC] PHP Fatal error:  Cannot redeclare getDatabaseConnection() (previously declared in /home/ubuntu/workspace/cst336/finalProject/Connection.php:3) in /home/ubuntu/workspace/cst336/finalProject/Connection.php on line 3
[12-Dec-2018 20:45:50 UTC] PHP Stack trace:
[12-Dec-2018 20:45:50 UTC] PHP   1. {main}() /home/ubuntu/workspace/cst336/finalProject/admin.php:0
[12-Dec-2018 20:45:50 UTC] PHP Fatal error:  Cannot redeclare getDatabaseConnection() (previously declared in /home/ubuntu/workspace/cst336/finalProject/Connection.php:3) in /home/ubuntu/workspace/cst336/finalProject/Connection.php on line 3
[12-Dec-2018 20:45:50 UTC] PHP Stack trace:
[12-Dec-2018 20:45:50 UTC] PHP   1. {main}() /home/ubuntu/workspace/cst336/finalProject/admin.php:0
[12-Dec-2018 20:46:05 UTC] PHP Fatal error:  Cannot redeclare getDatabaseConnection() (previously declared in /home/ubuntu/workspace/cst336/finalProject/Connection.php:3) in /home/ubuntu/workspace/cst336/finalProject/Connection.php on line 3
[12-Dec-2018 20:46:05 UTC] PHP Stack trace:
[12-Dec-2018 20:46:05 UTC] PHP   1. {main}() /home/ubuntu/workspace/cst336/finalProject/admin.php:0
[12-Dec-2018 20:46:43 UTC] PHP Fatal error:  Cannot redeclare getDatabaseConnection() (previously declared in /home/ubuntu/workspace/cst336/finalProject/Connection.php:3) in /home/ubuntu/workspace/cst336/finalProject/Connection.php on line 3
[12-Dec-2018 20:46:43 UTC] PHP Stack trace:
[12-Dec-2018 20:46:43 UTC] PHP   1. {main}() /home/ubuntu/workspace/cst336/finalProject/admin.php:0
[12-Dec-2018 20:46:48 UTC] PHP Fatal error:  Cannot redeclare getDatabaseConnection() (previously declared in /home/ubuntu/workspace/cst336/finalProject/Connection.php:3) in /home/ubuntu/workspace/cst336/finalProject/Connection.php on line 3
[12-Dec-2018 20:46:48 UTC] PHP Stack trace:
[12-Dec-2018 20:46:48 UTC] PHP   1. {main}() /home/ubuntu/workspace/cst336/finalProject/admin.php:0
[12-Dec-2018 20:48:07 UTC] PHP Fatal error:  Cannot redeclare getDatabaseConnection() (previously declared in /home/ubuntu/workspace/cst336/finalProject/Connection.php:3) in /home/ubuntu/workspace/cst336/finalProject/Connection.php on line 3
[12-Dec-2018 20:48:07 UTC] PHP Stack trace:
[12-Dec-2018 20:48:07 UTC] PHP   1. {main}() /home/ubuntu/workspace/cst336/finalProject/admin.php:0
[12-Dec-2018 20:48:30 UTC] PHP Fatal error:  Cannot redeclare getDatabaseConnection() (previously declared in /home/ubuntu/workspace/cst336/finalProject/Connection.php:3) in /home/ubuntu/workspace/cst336/finalProject/Connection.php on line 3
[12-Dec-2018 20:48:30 UTC] PHP Stack trace:
[12-Dec-2018 20:48:30 UTC] PHP   1. {main}() /home/ubuntu/workspace/cst336/finalProject/admin.php:0
[12-Dec-2018 21:08:21 UTC] PHP Fatal error:  Call to undefined function getAllProducts() in /home/ubuntu/workspace/cst336/finalProject/admin.php on line 94
[12-Dec-2018 21:08:21 UTC] PHP Stack trace:
[12-Dec-2018 21:08:21 UTC] PHP   1. {main}() /home/ubuntu/workspace/cst336/finalProject/admin.php:0
[12-Dec-2018 21:14:42 UTC] PHP Warning:  Division by zero in /home/ubuntu/workspace/cst336/finalProject/admin.php on line 24
[12-Dec-2018 21:14:42 UTC] PHP Stack trace:
[12-Dec-2018 21:14:42 UTC] PHP   1. {main}() /home/ubuntu/workspace/cst336/finalProject/admin.php:0
[12-Dec-2018 21:14:42 UTC] PHP   2. generateReports() /home/ubuntu/workspace/cst336/finalProject/admin.php:82
