[08-Oct-2018 22:44:51 UTC] PHP Fatal error:  Call to a member function fetchAll() on a non-object in /home/ubuntu/workspace/cst336/labs/lab6/index.php on line 13
[08-Oct-2018 22:44:51 UTC] PHP Stack trace:
[08-Oct-2018 22:44:51 UTC] PHP   1. {main}() /home/ubuntu/workspace/cst336/labs/lab6/index.php:0
[10-Oct-2018 22:12:12 UTC] PHP Fatal error:  Uncaught exception 'PDOException' with message 'SQLSTATE[3D000]: Invalid catalog name: 1046 No database selected' in /home/ubuntu/workspace/cst336/labs/lab6/index.php:8
Stack trace:
#0 /home/ubuntu/workspace/cst336/labs/lab6/index.php(8): PDOStatement->execute()
#1 /home/ubuntu/workspace/cst336/labs/lab6/index.php(26): displayCategories()
#2 {main}
  thrown in /home/ubuntu/workspace/cst336/labs/lab6/index.php on line 8
[10-Oct-2018 22:13:16 UTC] PHP Fatal error:  Uncaught exception 'PDOException' with message 'SQLSTATE[3D000]: Invalid catalog name: 1046 No database selected' in /home/ubuntu/workspace/cst336/labs/lab6/index.php:8
Stack trace:
#0 /home/ubuntu/workspace/cst336/labs/lab6/index.php(8): PDOStatement->execute()
#1 /home/ubuntu/workspace/cst336/labs/lab6/index.php(26): displayCategories()
#2 {main}
  thrown in /home/ubuntu/workspace/cst336/labs/lab6/index.php on line 8
[10-Oct-2018 22:15:09 UTC] PHP Fatal error:  Uncaught exception 'PDOException' with message 'SQLSTATE[3D000]: Invalid catalog name: 1046 No database selected' in /home/ubuntu/workspace/cst336/labs/lab6/index.php:8
Stack trace:
#0 /home/ubuntu/workspace/cst336/labs/lab6/index.php(8): PDOStatement->execute()
#1 /home/ubuntu/workspace/cst336/labs/lab6/index.php(26): displayCategories()
#2 {main}
  thrown in /home/ubuntu/workspace/cst336/labs/lab6/index.php on line 8
[10-Oct-2018 22:15:13 UTC] PHP Fatal error:  Uncaught exception 'PDOException' with message 'SQLSTATE[3D000]: Invalid catalog name: 1046 No database selected' in /home/ubuntu/workspace/cst336/labs/lab6/index.php:8
Stack trace:
#0 /home/ubuntu/workspace/cst336/labs/lab6/index.php(8): PDOStatement->execute()
#1 /home/ubuntu/workspace/cst336/labs/lab6/index.php(34): displayCategories()
#2 {main}
  thrown in /home/ubuntu/workspace/cst336/labs/lab6/index.php on line 8
[10-Oct-2018 22:18:41 UTC] PHP Fatal error:  Uncaught exception 'PDOException' with message 'SQLSTATE[3D000]: Invalid catalog name: 1046 No database selected' in /home/ubuntu/workspace/cst336/labs/lab6/index.php:8
Stack trace:
#0 /home/ubuntu/workspace/cst336/labs/lab6/index.php(8): PDOStatement->execute()
#1 /home/ubuntu/workspace/cst336/labs/lab6/index.php(32): displayCategories()
#2 {main}
  thrown in /home/ubuntu/workspace/cst336/labs/lab6/index.php on line 8
[10-Oct-2018 22:19:25 UTC] PHP Fatal error:  Uncaught exception 'PDOException' with message 'SQLSTATE[3D000]: Invalid catalog name: 1046 No database selected' in /home/ubuntu/workspace/cst336/labs/lab6/index.php:8
Stack trace:
#0 /home/ubuntu/workspace/cst336/labs/lab6/index.php(8): PDOStatement->execute()
#1 /home/ubuntu/workspace/cst336/labs/lab6/index.php(32): displayCategories()
#2 {main}
  thrown in /home/ubuntu/workspace/cst336/labs/lab6/index.php on line 8
[10-Oct-2018 22:20:32 UTC] PHP Fatal error:  Uncaught exception 'PDOException' with message 'SQLSTATE[3D000]: Invalid catalog name: 1046 No database selected' in /home/ubuntu/workspace/cst336/labs/lab6/index.php:8
Stack trace:
#0 /home/ubuntu/workspace/cst336/labs/lab6/index.php(8): PDOStatement->execute()
#1 /home/ubuntu/workspace/cst336/labs/lab6/index.php(33): displayCategories()
#2 {main}
  thrown in /home/ubuntu/workspace/cst336/labs/lab6/index.php on line 8
[10-Oct-2018 22:20:54 UTC] PHP Fatal error:  Uncaught exception 'PDOException' with message 'SQLSTATE[3D000]: Invalid catalog name: 1046 No database selected' in /home/ubuntu/workspace/cst336/labs/lab6/index.php:8
Stack trace:
#0 /home/ubuntu/workspace/cst336/labs/lab6/index.php(8): PDOStatement->execute()
#1 /home/ubuntu/workspace/cst336/labs/lab6/index.php(33): displayCategories()
#2 {main}
  thrown in /home/ubuntu/workspace/cst336/labs/lab6/index.php on line 8
[10-Oct-2018 22:20:57 UTC] PHP Fatal error:  Uncaught exception 'PDOException' with message 'SQLSTATE[3D000]: Invalid catalog name: 1046 No database selected' in /home/ubuntu/workspace/cst336/labs/lab6/index.php:8
Stack trace:
#0 /home/ubuntu/workspace/cst336/labs/lab6/index.php(8): PDOStatement->execute()
#1 /home/ubuntu/workspace/cst336/labs/lab6/index.php(33): displayCategories()
#2 {main}
  thrown in /home/ubuntu/workspace/cst336/labs/lab6/index.php on line 8
[10-Oct-2018 22:21:13 UTC] PHP Fatal error:  Uncaught exception 'PDOException' with message 'SQLSTATE[3D000]: Invalid catalog name: 1046 No database selected' in /home/ubuntu/workspace/cst336/labs/lab6/index.php:8
Stack trace:
#0 /home/ubuntu/workspace/cst336/labs/lab6/index.php(8): PDOStatement->execute()
#1 /home/ubuntu/workspace/cst336/labs/lab6/index.php(33): displayCategories()
#2 {main}
  thrown in /home/ubuntu/workspace/cst336/labs/lab6/index.php on line 8
[10-Oct-2018 22:21:46 UTC] PHP Fatal error:  Uncaught exception 'PDOException' with message 'SQLSTATE[3D000]: Invalid catalog name: 1046 No database selected' in /home/ubuntu/workspace/cst336/labs/lab6/index.php:8
Stack trace:
#0 /home/ubuntu/workspace/cst336/labs/lab6/index.php(8): PDOStatement->execute()
#1 /home/ubuntu/workspace/cst336/labs/lab6/index.php(33): displayCategories()
#2 {main}
  thrown in /home/ubuntu/workspace/cst336/labs/lab6/index.php on line 8
[10-Oct-2018 22:21:51 UTC] PHP Fatal error:  Uncaught exception 'PDOException' with message 'SQLSTATE[3D000]: Invalid catalog name: 1046 No database selected' in /home/ubuntu/workspace/cst336/labs/lab6/index.php:8
Stack trace:
#0 /home/ubuntu/workspace/cst336/labs/lab6/index.php(8): PDOStatement->execute()
#1 /home/ubuntu/workspace/cst336/labs/lab6/index.php(33): displayCategories()
#2 {main}
  thrown in /home/ubuntu/workspace/cst336/labs/lab6/index.php on line 8
[10-Oct-2018 22:23:42 UTC] PHP Fatal error:  Uncaught exception 'PDOException' with message 'SQLSTATE[3D000]: Invalid catalog name: 1046 No database selected' in /home/ubuntu/workspace/cst336/labs/lab6/index.php:8
Stack trace:
#0 /home/ubuntu/workspace/cst336/labs/lab6/index.php(8): PDOStatement->execute()
#1 /home/ubuntu/workspace/cst336/labs/lab6/index.php(33): displayCategories()
#2 {main}
  thrown in /home/ubuntu/workspace/cst336/labs/lab6/index.php on line 8
[10-Oct-2018 22:24:05 UTC] PHP Fatal error:  Uncaught exception 'PDOException' with message 'SQLSTATE[3D000]: Invalid catalog name: 1046 No database selected' in /home/ubuntu/workspace/cst336/labs/lab6/index.php:8
Stack trace:
#0 /home/ubuntu/workspace/cst336/labs/lab6/index.php(8): PDOStatement->execute()
#1 /home/ubuntu/workspace/cst336/labs/lab6/index.php(33): displayCategories()
#2 {main}
  thrown in /home/ubuntu/workspace/cst336/labs/lab6/index.php on line 8
[10-Oct-2018 22:25:22 UTC] PHP Fatal error:  Uncaught exception 'PDOException' with message 'SQLSTATE[3D000]: Invalid catalog name: 1046 No database selected' in /home/ubuntu/workspace/cst336/labs/lab6/index.php:8
Stack trace:
#0 /home/ubuntu/workspace/cst336/labs/lab6/index.php(8): PDOStatement->execute()
#1 /home/ubuntu/workspace/cst336/labs/lab6/index.php(33): displayCategories()
#2 {main}
  thrown in /home/ubuntu/workspace/cst336/labs/lab6/index.php on line 8
[10-Oct-2018 22:25:49 UTC] PHP Fatal error:  Uncaught exception 'PDOException' with message 'SQLSTATE[3D000]: Invalid catalog name: 1046 No database selected' in /home/ubuntu/workspace/cst336/labs/lab6/index.php:8
Stack trace:
#0 /home/ubuntu/workspace/cst336/labs/lab6/index.php(8): PDOStatement->execute()
#1 /home/ubuntu/workspace/cst336/labs/lab6/index.php(33): displayCategories()
#2 {main}
  thrown in /home/ubuntu/workspace/cst336/labs/lab6/index.php on line 8
[10-Oct-2018 22:26:00 UTC] PHP Fatal error:  Uncaught exception 'PDOException' with message 'SQLSTATE[3D000]: Invalid catalog name: 1046 No database selected' in /home/ubuntu/workspace/cst336/labs/lab6/index.php:8
Stack trace:
#0 /home/ubuntu/workspace/cst336/labs/lab6/index.php(8): PDOStatement->execute()
#1 /home/ubuntu/workspace/cst336/labs/lab6/index.php(33): displayCategories()
#2 {main}
  thrown in /home/ubuntu/workspace/cst336/labs/lab6/index.php on line 8
[10-Oct-2018 22:26:10 UTC] PHP Fatal error:  Uncaught exception 'PDOException' with message 'SQLSTATE[3D000]: Invalid catalog name: 1046 No database selected' in /home/ubuntu/workspace/cst336/labs/lab6/index.php:8
Stack trace:
#0 /home/ubuntu/workspace/cst336/labs/lab6/index.php(8): PDOStatement->execute()
#1 /home/ubuntu/workspace/cst336/labs/lab6/index.php(33): displayCategories()
#2 {main}
  thrown in /home/ubuntu/workspace/cst336/labs/lab6/index.php on line 8
[10-Oct-2018 22:27:30 UTC] PHP Fatal error:  Uncaught exception 'PDOException' with message 'SQLSTATE[3D000]: Invalid catalog name: 1046 No database selected' in /home/ubuntu/workspace/cst336/labs/lab6/index.php:8
Stack trace:
#0 /home/ubuntu/workspace/cst336/labs/lab6/index.php(8): PDOStatement->execute()
#1 /home/ubuntu/workspace/cst336/labs/lab6/index.php(33): displayCategories()
#2 {main}
  thrown in /home/ubuntu/workspace/cst336/labs/lab6/index.php on line 8
[10-Oct-2018 22:29:33 UTC] PHP Fatal error:  Uncaught exception 'PDOException' with message 'SQLSTATE[3D000]: Invalid catalog name: 1046 No database selected' in /home/ubuntu/workspace/cst336/labs/lab6/index.php:8
Stack trace:
#0 /home/ubuntu/workspace/cst336/labs/lab6/index.php(8): PDOStatement->execute()
#1 /home/ubuntu/workspace/cst336/labs/lab6/index.php(33): displayCategories()
#2 {main}
  thrown in /home/ubuntu/workspace/cst336/labs/lab6/index.php on line 8
[10-Oct-2018 22:30:06 UTC] PHP Fatal error:  Uncaught exception 'PDOException' with message 'SQLSTATE[3D000]: Invalid catalog name: 1046 No database selected' in /home/ubuntu/workspace/cst336/labs/lab6/index.php:8
Stack trace:
#0 /home/ubuntu/workspace/cst336/labs/lab6/index.php(8): PDOStatement->execute()
#1 /home/ubuntu/workspace/cst336/labs/lab6/index.php(33): displayCategories()
#2 {main}
  thrown in /home/ubuntu/workspace/cst336/labs/lab6/index.php on line 8
[10-Oct-2018 22:30:06 UTC] PHP Fatal error:  Uncaught exception 'PDOException' with message 'SQLSTATE[3D000]: Invalid catalog name: 1046 No database selected' in /home/ubuntu/workspace/cst336/labs/lab6/index.php:8
Stack trace:
#0 /home/ubuntu/workspace/cst336/labs/lab6/index.php(8): PDOStatement->execute()
#1 /home/ubuntu/workspace/cst336/labs/lab6/index.php(33): displayCategories()
#2 {main}
  thrown in /home/ubuntu/workspace/cst336/labs/lab6/index.php on line 8
[10-Oct-2018 22:35:11 UTC] PHP Fatal error:  Uncaught exception 'PDOException' with message 'SQLSTATE[3D000]: Invalid catalog name: 1046 No database selected' in /home/ubuntu/workspace/cst336/labs/lab6/index.php:8
Stack trace:
#0 /home/ubuntu/workspace/cst336/labs/lab6/index.php(8): PDOStatement->execute()
#1 /home/ubuntu/workspace/cst336/labs/lab6/index.php(39): displayCategories()
#2 {main}
  thrown in /home/ubuntu/workspace/cst336/labs/lab6/index.php on line 8
[10-Oct-2018 22:36:44 UTC] PHP Fatal error:  Uncaught exception 'PDOException' with message 'SQLSTATE[3D000]: Invalid catalog name: 1046 No database selected' in /home/ubuntu/workspace/cst336/labs/lab6/index.php:8
Stack trace:
#0 /home/ubuntu/workspace/cst336/labs/lab6/index.php(8): PDOStatement->execute()
#1 /home/ubuntu/workspace/cst336/labs/lab6/index.php(43): displayCategories()
#2 {main}
  thrown in /home/ubuntu/workspace/cst336/labs/lab6/index.php on line 8
[10-Oct-2018 22:36:54 UTC] PHP Fatal error:  Uncaught exception 'PDOException' with message 'SQLSTATE[3D000]: Invalid catalog name: 1046 No database selected' in /home/ubuntu/workspace/cst336/labs/lab6/index.php:8
Stack trace:
#0 /home/ubuntu/workspace/cst336/labs/lab6/index.php(8): PDOStatement->execute()
#1 /home/ubuntu/workspace/cst336/labs/lab6/index.php(43): displayCategories()
#2 {main}
  thrown in /home/ubuntu/workspace/cst336/labs/lab6/index.php on line 8
[10-Oct-2018 22:37:23 UTC] PHP Fatal error:  Uncaught exception 'PDOException' with message 'SQLSTATE[3D000]: Invalid catalog name: 1046 No database selected' in /home/ubuntu/workspace/cst336/labs/lab6/index.php:8
Stack trace:
#0 /home/ubuntu/workspace/cst336/labs/lab6/index.php(8): PDOStatement->execute()
#1 /home/ubuntu/workspace/cst336/labs/lab6/index.php(43): displayCategories()
#2 {main}
  thrown in /home/ubuntu/workspace/cst336/labs/lab6/index.php on line 8
[10-Oct-2018 22:43:05 UTC] PHP Fatal error:  Uncaught exception 'PDOException' with message 'SQLSTATE[3D000]: Invalid catalog name: 1046 No database selected' in /home/ubuntu/workspace/cst336/labs/lab6/index.php:8
Stack trace:
#0 /home/ubuntu/workspace/cst336/labs/lab6/index.php(8): PDOStatement->execute()
#1 /home/ubuntu/workspace/cst336/labs/lab6/index.php(50): displayCategories()
#2 {main}
  thrown in /home/ubuntu/workspace/cst336/labs/lab6/index.php on line 8
[15-Oct-2018 22:20:51 UTC] PHP Fatal error:  Uncaught exception 'PDOException' with message 'SQLSTATE[3D000]: Invalid catalog name: 1046 No database selected' in /home/ubuntu/workspace/cst336/labs/lab6/index.php:8
Stack trace:
#0 /home/ubuntu/workspace/cst336/labs/lab6/index.php(8): PDOStatement->execute()
#1 /home/ubuntu/workspace/cst336/labs/lab6/index.php(50): displayCategories()
#2 {main}
  thrown in /home/ubuntu/workspace/cst336/labs/lab6/index.php on line 8
[15-Oct-2018 22:20:57 UTC] PHP Fatal error:  Uncaught exception 'PDOException' with message 'SQLSTATE[3D000]: Invalid catalog name: 1046 No database selected' in /home/ubuntu/workspace/cst336/labs/lab6/index.php:8
Stack trace:
#0 /home/ubuntu/workspace/cst336/labs/lab6/index.php(8): PDOStatement->execute()
#1 /home/ubuntu/workspace/cst336/labs/lab6/index.php(50): displayCategories()
#2 {main}
  thrown in /home/ubuntu/workspace/cst336/labs/lab6/index.php on line 8
